c:\users\pressf\documents\visual studio 2017\projects\university\lb4\lb4\debug\lb4.pch
c:\users\pressf\documents\visual studio 2017\projects\university\lb4\lb4\debug\vc141.pdb
c:\users\pressf\documents\visual studio 2017\projects\university\lb4\lb4\debug\vc141.idb
c:\users\pressf\documents\visual studio 2017\projects\university\lb4\lb4\debug\pch.obj
c:\users\pressf\documents\visual studio 2017\projects\university\lb4\lb4\debug\lb4.obj
c:\users\pressf\documents\visual studio 2017\projects\university\lb4\lb4\debug\weapon.obj
c:\users\pressf\documents\visual studio 2017\projects\university\lb4\lb4\debug\guildshop.obj
c:\users\pressf\documents\visual studio 2017\projects\university\lb4\debug\lb4.pdb
c:\users\pressf\documents\visual studio 2017\projects\university\lb4\lb4\debug\lb4.tlog\cl.command.1.tlog
c:\users\pressf\documents\visual studio 2017\projects\university\lb4\lb4\debug\lb4.tlog\cl.read.1.tlog
c:\users\pressf\documents\visual studio 2017\projects\university\lb4\lb4\debug\lb4.tlog\cl.write.1.tlog
c:\users\pressf\documents\visual studio 2017\projects\university\lb4\lb4\debug\lb4.tlog\link-cvtres.read.1.tlog
c:\users\pressf\documents\visual studio 2017\projects\university\lb4\lb4\debug\lb4.tlog\link-cvtres.write.1.tlog
c:\users\pressf\documents\visual studio 2017\projects\university\lb4\lb4\debug\lb4.tlog\link-rc.read.1.tlog
c:\users\pressf\documents\visual studio 2017\projects\university\lb4\lb4\debug\lb4.tlog\link-rc.write.1.tlog
c:\users\pressf\documents\visual studio 2017\projects\university\lb4\lb4\debug\lb4.tlog\link.3644-cvtres.read.1.tlog
c:\users\pressf\documents\visual studio 2017\projects\university\lb4\lb4\debug\lb4.tlog\link.3644-cvtres.write.1.tlog
c:\users\pressf\documents\visual studio 2017\projects\university\lb4\lb4\debug\lb4.tlog\link.3644-rc.read.1.tlog
c:\users\pressf\documents\visual studio 2017\projects\university\lb4\lb4\debug\lb4.tlog\link.3644-rc.write.1.tlog
c:\users\pressf\documents\visual studio 2017\projects\university\lb4\lb4\debug\lb4.tlog\link.3644.read.1.tlog
c:\users\pressf\documents\visual studio 2017\projects\university\lb4\lb4\debug\lb4.tlog\link.3644.write.1.tlog
c:\users\pressf\documents\visual studio 2017\projects\university\lb4\lb4\debug\lb4.tlog\link.command.1.tlog
c:\users\pressf\documents\visual studio 2017\projects\university\lb4\lb4\debug\lb4.tlog\link.read.1.tlog
c:\users\pressf\documents\visual studio 2017\projects\university\lb4\lb4\debug\lb4.tlog\link.write.1.tlog
